Ex-01-correto.cic LOGS: 

TABLE OF TOKENS: 
+-----+-----+---------------+----------------------+
| ROW | COL |  TOKEN        |   LEXEMA             |
+-----+-----+---------------+----------------------+
|   3 |   1 | TK_rotina     |                      |
+-----+-----+---------------+----------------------+
|   4 |   4 | TK_imprima    |                      |
+-----+-----+---------------+----------------------+
|     |  11 | TK_OP_PAR     |                      |
+-----+-----+---------------+----------------------+
|     |  12 | TK_CADEIA     | "Digite um nro"      |
+-----+-----+---------------+----------------------+
|     |  27 | TK_CL_PAR     |                      |
+-----+-----+---------------+----------------------+
|   5 |   4 | TK_leia       |                      |
+-----+-----+---------------+----------------------+
|     |   8 | TK_OP_PAR     |                      |
+-----+-----+---------------+----------------------+
|     |   9 | TK_ID         | nUmErO               |
+-----+-----+---------------+----------------------+
|     |  15 | TK_CL_PAR     |                      |
+-----+-----+---------------+----------------------+
|   6 |   4 | TK_ID         | nUm                  |
+-----+-----+---------------+----------------------+
|     |   8 | TK_ATT        |                      |
+-----+-----+---------------+----------------------+
|     |  12 | TK_ID         | nUm                  |
+-----+-----+---------------+----------------------+
|     |  16 | TK_DIFF       |                      |
+-----+-----+---------------+----------------------+
|     |  19 | TK_INT        | 123                  |
+-----+-----+---------------+----------------------+
|   7 |   4 | TK_imprima    |                      |
+-----+-----+---------------+----------------------+
|     |  11 | TK_OP_PAR     |                      |
+-----+-----+---------------+----------------------+
|     |  12 | TK_FLOAT      | 123.e10              |
+-----+-----+---------------+----------------------+
|     |  19 | TK_CL_PAR     |                      |
+-----+-----+---------------+----------------------+
|   8 |   1 | TK_fim_rotina |                      |
+-----+-----+---------------+----------------------+

COUNT TABLE: 
+---------------+-----------+
|  TOKEN        |   USOS    |
+---------------+-----------+
| TK_rotina     |         1 |
+---------------+-----------+
| TK_imprima    |         2 |
+---------------+-----------+
| TK_OP_PAR     |         3 |
+---------------+-----------+
| TK_CADEIA     |         1 |
+---------------+-----------+
| TK_CL_PAR     |         3 |
+---------------+-----------+
| TK_leia       |         1 |
+---------------+-----------+
| TK_ID         |         3 |
+---------------+-----------+
| TK_ATT        |         1 |
+---------------+-----------+
| TK_DIFF       |         1 |
+---------------+-----------+
| TK_INT        |         1 |
+---------------+-----------+
| TK_FLOAT      |         1 |
+---------------+-----------+
| TK_fim_rotina |         1 |
+---------------+-----------+

