Ex-03-incorreto.cic LOGS: 

ERRORS FOUND IN CODE: 
[ 1]  <<< Ex-03-incorreto.cic 
[ 2]  
[ 3]  rotina
[ 4]     leia(<a>)
[ 5]  >>>
[ 6]     enquanto nUm <= .09e-123:
[ 7]        imprima(99/12_1999)
     ---------------^
     --------------------^
     Error at line 7, column 15: Bad date formatting
     Error at line 7, column 20: Unrecognized token
[ 8]     imprima("Fim prog"rama") 	
     ----------------------^
     --------------------------^
     Error at line 8, column 22: Reserved word not recognized
     Error at line 8, column 26: String not closed
[ 9]  fim_rotina


TABLE OF TOKENS: 
+-----+-----+---------------+----------------------+
| ROW | COL |  TOKEN        |   LEXEMA             |
+-----+-----+---------------+----------------------+
|   6 |   4 | TK_enquanto   |                      |
+-----+-----+---------------+----------------------+
|     |  13 | TK_ID         | nUm                  |
+-----+-----+---------------+----------------------+
|     |  17 | TK_LESS_EQUAL |                      |
+-----+-----+---------------+----------------------+
|     |  20 | TK_FLOAT      | .09e-123             |
+-----+-----+---------------+----------------------+
|     |  28 | TK_COLON      |                      |
+-----+-----+---------------+----------------------+
|   7 |   7 | TK_imprima    |                      |
+-----+-----+---------------+----------------------+
|     |  14 | TK_OP_PAR     |                      |
+-----+-----+---------------+----------------------+
|     |  21 | TK_INT        | 1999                 |
+-----+-----+---------------+----------------------+
|     |  25 | TK_CL_PAR     |                      |
+-----+-----+---------------+----------------------+
|   8 |   4 | TK_imprima    |                      |
+-----+-----+---------------+----------------------+
|     |  11 | TK_OP_PAR     |                      |
+-----+-----+---------------+----------------------+
|     |  12 | TK_CADEIA     | "Fim prog"           |
+-----+-----+---------------+----------------------+
|   9 |   1 | TK_fim_rotina |                      |
+-----+-----+---------------+----------------------+

COUNT TABLE: 
+---------------+-----------+
|  TOKEN        |   USOS    |
+---------------+-----------+
| TK_enquanto   |         1 |
+---------------+-----------+
| TK_ID         |         1 |
+---------------+-----------+
| TK_LESS_EQUAL |         1 |
+---------------+-----------+
| TK_FLOAT      |         1 |
+---------------+-----------+
| TK_COLON      |         1 |
+---------------+-----------+
| TK_imprima    |         2 |
+---------------+-----------+
| TK_OP_PAR     |         2 |
+---------------+-----------+
| TK_INT        |         1 |
+---------------+-----------+
| TK_CL_PAR     |         1 |
+---------------+-----------+
| TK_CADEIA     |         1 |
+---------------+-----------+
| TK_fim_rotina |         1 |
+---------------+-----------+

