Ex-02-incorreto.cic LOGS: 

ERRORS FOUND IN CODE: 
[ 1]  # Ex-02-incorreto.cic
[ 2]  
[ 3]  rotina
[ 4]     imprima("Digite um 
     ------------^
     Error at line 4, column 12: String not closed
[ 5]     nro")
     ----^
     -------^
     Error at line 5, column 4: Reserved word not recognized
     Error at line 5, column 7: String not closed
[ 6]     NuM <== 11/11/2000 + 11_11_20
     ----^
     -------------------------^
     Error at line 6, column 4: Identifier not recognized
     Error at line 6, column 25: Bad date formatting
[ 7]     imprima(Ax23423)
[ 8]  fim_rotina


TABLE OF TOKENS: 
+-----+-----+---------------+----------------------+
| ROW | COL |  TOKEN        |   LEXEMA             |
+-----+-----+---------------+----------------------+
|   3 |   1 | TK_rotina     |                      |
+-----+-----+---------------+----------------------+
|   4 |   4 | TK_imprima    |                      |
+-----+-----+---------------+----------------------+
|     |  11 | TK_OP_PAR     |                      |
+-----+-----+---------------+----------------------+
|   6 |   8 | TK_ATT        |                      |
+-----+-----+---------------+----------------------+
|     |  12 | TK_DATA       | 11/11/2000           |
+-----+-----+---------------+----------------------+
|     |  23 | TK_SUM        |                      |
+-----+-----+---------------+----------------------+
|   7 |   4 | TK_imprima    |                      |
+-----+-----+---------------+----------------------+
|     |  11 | TK_OP_PAR     |                      |
+-----+-----+---------------+----------------------+
|     |  12 | TK_END        | Ax23423              |
+-----+-----+---------------+----------------------+
|     |  19 | TK_CL_PAR     |                      |
+-----+-----+---------------+----------------------+
|   8 |   1 | TK_fim_rotina |                      |
+-----+-----+---------------+----------------------+

COUNT TABLE: 
+---------------+-----------+
|  TOKEN        |   USOS    |
+---------------+-----------+
| TK_rotina     |         1 |
+---------------+-----------+
| TK_imprima    |         2 |
+---------------+-----------+
| TK_OP_PAR     |         2 |
+---------------+-----------+
| TK_ATT        |         1 |
+---------------+-----------+
| TK_DATA       |         1 |
+---------------+-----------+
| TK_SUM        |         1 |
+---------------+-----------+
| TK_END        |         1 |
+---------------+-----------+
| TK_CL_PAR     |         1 |
+---------------+-----------+
| TK_fim_rotina |         1 |
+---------------+-----------+

